<?xml version="1.0" encoding="UTF-8"?>
<!-- Generated by org.testng.reporters.JUnitReportReporter -->
<testsuite skipped="0" hostname="NATARAJAN" name="test.Class1" tests="1" failures="0" timestamp="12 Sep 2018 09:16:41 GMT" time="0.008" errors="0">
  <testcase name="test1" time="0.008" classname="test.Class1"/>
</testsuite> <!-- test.Class1 -->
